<?xml version="1.0" encoding="UTF-8"?>
<testng-results ignored="0" total="1" passed="1" failed="0" skipped="0">
  <reporter-output>
  </reporter-output>
  <suite started-at="2022-06-29T16:30:36 IST" name="Default suite" finished-at="2022-06-29T16:30:36 IST" duration-ms="192">
    <groups>
    </groups>
    <test started-at="2022-06-29T16:30:36 IST" name="Default test" finished-at="2022-06-29T16:30:36 IST" duration-ms="192">
      <class name="TestCases.loginCases">
        <test-method is-config="true" signature="Startup()[pri:0, instance:TestCases.loginCases@4145bad8]" started-at="2022-06-29T16:30:31 IST" name="Startup" finished-at="2022-06-29T16:30:36 IST" duration-ms="4654" status="PASS">
          <reporter-output>
          </reporter-output>
        </test-method> <!-- Startup -->
        <test-method signature="login()[pri:0, instance:TestCases.loginCases@4145bad8]" started-at="2022-06-29T16:30:36 IST" name="login" finished-at="2022-06-29T16:30:36 IST" duration-ms="165" status="PASS">
          <reporter-output>
          </reporter-output>
        </test-method> <!-- login -->
      </class> <!-- TestCases.loginCases -->
    </test> <!-- Default test -->
  </suite> <!-- Default suite -->
</testng-results>
